<?xml version="1.0" encoding="UTF-8" ?>

<testsuite failures="0" time="0.995" errors="0" skipped="0" tests="7" name="BasicTest">
  <testcase classname="BasicTest" name="useTheCommentsRelation" time="0.181">
      </testcase>
  <testcase classname="BasicTest" name="postComments" time="0.035">
      </testcase>
  <testcase classname="BasicTest" name="testTags" time="0.294">
      </testcase>
  <testcase classname="BasicTest" name="tryConnectAsUser" time="0.026">
      </testcase>
  <testcase classname="BasicTest" name="fullTest" time="0.422">
      </testcase>
  <testcase classname="BasicTest" name="createPost" time="0.019">
      </testcase>
  <testcase classname="BasicTest" name="createAndRetrieveUser" time="0.018">
      </testcase>
</testsuite>